Operating system: Microsoft Windows NT 6.2.9200.0
Opening INI file "C:\Program Files (x86)\Panda Security\Panda Security Protection\Perdidos\Nueva carpeta\Sonic-1-GitHub-Madness-4-main\SonLVL INI Files\SonLVL.ini"...
Game type is S1.
Loading Marble Zone Act 1...
Loading 8x8 tiles from file "../artnem/8x8 - MZ.nem", using compression Nemesis...
Loading 16x16 blocks from file "../map16/MZ.eni", using compression Enigma...
Loading 256x256 chunks from file "../map256/MZ (JP1).kos", using compression Kosinski...
Loading FG layout from file "../levels/mz1.bin", using compression Uncompressed...
Loading BG layout from file "../levels/mz1bg.bin", using compression Uncompressed...
Loading FG layout from file "../levels/mz2.bin", using compression Uncompressed...
Loading BG layout from file "../levels/mz2bg.bin", using compression Uncompressed...
Loading FG layout from file "../levels/mz3.bin", using compression Uncompressed...
Loading BG layout from file "../levels/mz3bg.bin", using compression Uncompressed...
Unable to read file "../map256/MZ (JP1).kos" with compression Kosinski:
Loading palette file "../palette/Sonic.bin"...
Source: 0 Destination: 0 Length: 16
Loading palette file "../palette/Marble Zone.bin"...
Source: 0 Destination: 16 Length: 48
System.AggregateException: Se han producido uno o varios errores. ---> System.IO.EndOfStreamException: Intento de lectura más allá del final de la secuencia.
   en SonicRetro.KensSharp.NeutralEndian.Read1(Stream stream)
   en SonicRetro.KensSharp.Kosinski.DecodeInternal(Stream source, Stream destination, Int64& decompressedBytes)
   en SonicRetro.KensSharp.Kosinski.Decompress(Stream input, Stream output)
   en SonicRetro.KensSharp.Kosinski.Decompress(String sourceFilePath)
   en SonicRetro.SonLVL.API.Compression.Decompress(String file, CompressionType cmp) en C:\Programs\SonLVL\SonLVLAPI\Compression.cs:línea 51
   en SonicRetro.SonLVL.API.LevelData.LoadLevelChunks() en C:\Programs\SonLVL\SonLVLAPI\LevelData.cs:línea 562
   en System.Threading.Tasks.Task.InnerInvoke()
   en System.Threading.Tasks.Task.Execute()
   --- Fin del seguimiento de la pila de la excepción interna ---
   en System.Threading.Tasks.Task.WaitAll(Task[] tasks, Int32 millisecondsTimeout, CancellationToken cancellationToken)
   en System.Threading.Tasks.Task.WaitAll(Task[] tasks, Int32 millisecondsTimeout)
   en System.Threading.Tasks.Parallel.Invoke(ParallelOptions parallelOptions, Action[] actions)
   en System.Threading.Tasks.Parallel.Invoke(Action[] actions)
   en SonicRetro.SonLVL.API.LevelData.LoadLevel(String levelname, Boolean loadGraphics) en C:\Programs\SonLVL\SonLVLAPI\LevelData.cs:línea 185
   en SonicRetro.SonLVL.GUI.MainForm.backgroundLevelLoader_DoWork(Object sender, DoWorkEventArgs e) en C:\Programs\SonLVL\SonLVL\MainForm.cs:línea 578
---> (Nº de excepción interna 0) System.IO.EndOfStreamException: Intento de lectura más allá del final de la secuencia.
   en SonicRetro.KensSharp.NeutralEndian.Read1(Stream stream)
   en SonicRetro.KensSharp.Kosinski.DecodeInternal(Stream source, Stream destination, Int64& decompressedBytes)
   en SonicRetro.KensSharp.Kosinski.Decompress(Stream input, Stream output)
   en SonicRetro.KensSharp.Kosinski.Decompress(String sourceFilePath)
   en SonicRetro.SonLVL.API.Compression.Decompress(String file, CompressionType cmp) en C:\Programs\SonLVL\SonLVLAPI\Compression.cs:línea 51
   en SonicRetro.SonLVL.API.LevelData.LoadLevelChunks() en C:\Programs\SonLVL\SonLVLAPI\LevelData.cs:línea 562
   en System.Threading.Tasks.Task.InnerInvoke()
   en System.Threading.Tasks.Task.Execute()<---

Opening INI file "C:\Program Files (x86)\Panda Security\Panda Security Protection\Perdidos\Nueva carpeta\Sonic-1-GitHub-Madness-4-main\SonLVL INI Files\SonLVL.rev00.ini"...
Game type is S1.
Loading Marble Zone Act 1...
Loading 8x8 tiles from file "../artnem/8x8 - MZ.nem", using compression Nemesis...
Loading 16x16 blocks from file "../map16/MZ.eni", using compression Enigma...
Loading FG layout from file "../levels/mz1.bin", using compression Uncompressed...
Loading BG layout from file "../levels/mz1bg.bin", using compression Uncompressed...
Loading palette file "../palette/Sonic.bin"...
Source: 0 Destination: 0 Length: 16
Loading palette file "../palette/Marble Zone.bin"...
Source: 0 Destination: 16 Length: 48
Loading FG layout from file "../levels/mz2.bin", using compression Uncompressed...
Loading 256x256 chunks from file "../map256/MZ.kos", using compression Kosinski...
Loading BG layout from file "../levels/mz2bg.bin", using compression Uncompressed...
Loading FG layout from file "../levels/mz3.bin", using compression Uncompressed...
Loading BG layout from file "../levels/mz3bg.bin", using compression Uncompressed...
Loading object definition file "obj.ini".
Loading object definition file "objMZ.ini".
Loading ObjectDefinition type S1ObjectDefinitions.Common.Ring from "Common\Ring.cs"...
Compiling code file...
Loading ObjectDefinition type S1ObjectDefinitions.Common.InvisibleBlock from "Common\InvisibleBlock.cs"...
Compiling code file...
Loading ObjectDefinition type S1ObjectDefinitions.GHZ.SwingingPlatform from "GHZ\SwingingPlatform.cs"...
Compiling code file...
Loading ObjectDefinition type S1ObjectDefinitions.MZ.SidewaysStomper from "MZ\SidewaysStomper.cs"...
Compiling code file...
Compile succeeded.
Compile succeeded.
Compile succeeded.
Compile succeeded.
Loading objects from file "../objpos/mz1.bin", using compression Uncompressed...
Loading start position "Level Start" from file "../startpos/mz1.bin"...
Drawing block bitmaps...
Drawing chunk bitmaps...
Level loaded in 1,2302997 second(s).
Load completed.
Loading Spring Yard Zone Act 1...
Loading palette file "../palette/Sonic.bin"...
Source: 0 Destination: 0 Length: 16
Loading FG layout from file "../levels/syz1.bin", using compression Uncompressed...
Loading 8x8 tiles from file "../artnem/8x8 - SYZ.nem", using compression Nemesis...
Loading 16x16 blocks from file "../map16/SYZ.eni", using compression Enigma...
Loading 256x256 chunks from file "../map256/SYZ.kos", using compression Kosinski...
Loading palette file "../palette/Spring Yard Zone.bin"...
Source: 0 Destination: 16 Length: 48
Loading BG layout from file "../levels/syzbg.bin", using compression Uncompressed...
Loading FG layout from file "../levels/syz2.bin", using compression Uncompressed...
Loading FG layout from file "../levels/syz3.bin", using compression Uncompressed...
Loading object definition file "obj.ini".
Loading object definition file "objSYZ.ini".
Loading ObjectDefinition type S1ObjectDefinitions.Common.Ring from "Common\Ring.cs"...
Loading type from cached assembly "dllcache\S1ObjectDefinitions.Common.Ring.dll"...
Loading ObjectDefinition type S1ObjectDefinitions.Common.InvisibleBlock from "Common\InvisibleBlock.cs"...
Loading type from cached assembly "dllcache\S1ObjectDefinitions.Common.InvisibleBlock.dll"...
Loading ObjectDefinition type S1ObjectDefinitions.SYZ.SpikeballChain from "SYZ\SpikeballChain.cs"...
Compiling code file...
Loading ObjectDefinition type S1ObjectDefinitions.SYZ.Block from "SYZ\Block.cs"...
Compiling code file...
Compile succeeded.
Compile succeeded.
Loading ObjectDefinition type S1ObjectDefinitions.SYZ.BigSpikedBall from "SYZ\BigSpikedBall.cs"...
Compiling code file...
Compile succeeded.
Loading objects from file "../objpos/syz1.bin", using compression Uncompressed...
Loading start position "Level Start" from file "../startpos/syz1.bin"...
Drawing block bitmaps...
Drawing chunk bitmaps...
Level loaded in 0,8974714 second(s).
Load completed.
Loading Marble Zone Act 2...
Loading 8x8 tiles from file "../artnem/8x8 - MZ.nem", using compression Nemesis...
Loading FG layout from file "../levels/mz2.bin", using compression Uncompressed...
Loading 16x16 blocks from file "../map16/MZ.eni", using compression Enigma...
Loading 256x256 chunks from file "../map256/MZ.kos", using compression Kosinski...
Loading BG layout from file "../levels/mz2bg.bin", using compression Uncompressed...
Loading palette file "../palette/Sonic.bin"...
Source: 0 Destination: 0 Length: 16
Loading palette file "../palette/Marble Zone.bin"...
Source: 0 Destination: 16 Length: 48
Loading FG layout from file "../levels/mz1.bin", using compression Uncompressed...
Loading BG layout from file "../levels/mz1bg.bin", using compression Uncompressed...
Loading FG layout from file "../levels/mz3.bin", using compression Uncompressed...
Loading BG layout from file "../levels/mz3bg.bin", using compression Uncompressed...
Loading object definition file "obj.ini".
Loading object definition file "objMZ.ini".
Loading ObjectDefinition type S1ObjectDefinitions.Common.Ring from "Common\Ring.cs"...
Loading type from cached assembly "dllcache\S1ObjectDefinitions.Common.Ring.dll"...
Loading ObjectDefinition type S1ObjectDefinitions.Common.InvisibleBlock from "Common\InvisibleBlock.cs"...
Loading type from cached assembly "dllcache\S1ObjectDefinitions.Common.InvisibleBlock.dll"...
Loading ObjectDefinition type S1ObjectDefinitions.GHZ.SwingingPlatform from "GHZ\SwingingPlatform.cs"...
Loading type from cached assembly "dllcache\S1ObjectDefinitions.GHZ.SwingingPlatform.dll"...
Loading ObjectDefinition type S1ObjectDefinitions.MZ.SidewaysStomper from "MZ\SidewaysStomper.cs"...
Loading type from cached assembly "dllcache\S1ObjectDefinitions.MZ.SidewaysStomper.dll"...
Loading objects from file "../objpos/mz2.bin", using compression Uncompressed...
Loading start position "Level Start" from file "../startpos/mz2.bin"...
Loading start position "Credits Demo" from file "../startpos/mz2 (Credits demo).bin"...
Drawing block bitmaps...
Drawing chunk bitmaps...
Level loaded in 0,3336687 second(s).
Load completed.
Opening INI file "C:\Program Files (x86)\Panda Security\Panda Security Protection\Perdidos\Nueva carpeta\Sonic-1-GitHub-Madness-4-main\SonLVL INI Files\SonLVL.ini"...
Game type is S1.
Loading Spring Yard Zone Act 1...
Loading palette file "../palette/Sonic.bin"...
Source: 0 Destination: 0 Length: 16
Loading 8x8 tiles from file "../artnem/8x8 - SYZ.nem", using compression Nemesis...
Loading 16x16 blocks from file "../map16/SYZ.eni", using compression Enigma...
Loading palette file "../palette/Spring Yard Zone.bin"...
Source: 0 Destination: 16 Length: 48
Loading 256x256 chunks from file "../map256/SYZ.kos", using compression Kosinski...
Loading FG layout from file "../levels/syz1.bin", using compression Uncompressed...
Loading BG layout from file "../levels/syzbg (JP1).bin", using compression Uncompressed...
Loading FG layout from file "../levels/syz2.bin", using compression Uncompressed...
Loading FG layout from file "../levels/syz3.bin", using compression Uncompressed...
Loading object definition file "obj.ini".
Loading object definition file "obj.rev01.ini".
Loading object definition file "objSYZ.ini".
Loading ObjectDefinition type S1ObjectDefinitions.Common.Ring from "Common\Ring.cs"...
Loading ObjectDefinition type S1ObjectDefinitions.Common.InvisibleBlock from "Common\InvisibleBlock.cs"...
Loading type from cached assembly "dllcache\S1ObjectDefinitions.Common.InvisibleBlock.dll"...
Loading type from cached assembly "dllcache\S1ObjectDefinitions.Common.Ring.dll"...
Loading ObjectDefinition type S1ObjectDefinitions.SYZ.Block from "SYZ\Block.cs"...
Loading type from cached assembly "dllcache\S1ObjectDefinitions.SYZ.Block.dll"...
Loading ObjectDefinition type S1ObjectDefinitions.SYZ.SpikeballChain from "SYZ\SpikeballChain.cs"...
Loading type from cached assembly "dllcache\S1ObjectDefinitions.SYZ.SpikeballChain.dll"...
Loading ObjectDefinition type S1ObjectDefinitions.SYZ.BigSpikedBall from "SYZ\BigSpikedBall.cs"...
Loading type from cached assembly "dllcache\S1ObjectDefinitions.SYZ.BigSpikedBall.dll"...
Loading start position "Level Start" from file "../startpos/syz1.bin"...
Loading objects from file "../objpos/syz1.bin", using compression Uncompressed...
Drawing block bitmaps...
Drawing chunk bitmaps...
Level loaded in 0,2412064 second(s).
Load completed.
Loading Marble Zone Act 3...
Loading 8x8 tiles from file "../artnem/8x8 - MZ.nem", using compression Nemesis...
Loading 256x256 chunks from file "../map256/MZ (JP1).kos", using compression Kosinski...
Loading 16x16 blocks from file "../map16/MZ.eni", using compression Enigma...
Loading palette file "../palette/Sonic.bin"...
Source: 0 Destination: 0 Length: 16
Loading FG layout from file "../levels/mz3.bin", using compression Uncompressed...
Loading palette file "../palette/Marble Zone.bin"...
Source: 0 Destination: 16 Length: 48
Loading BG layout from file "../levels/mz3bg.bin", using compression Uncompressed...
Loading FG layout from file "../levels/mz1.bin", using compression Uncompressed...
Loading BG layout from file "../levels/mz1bg.bin", using compression Uncompressed...
Loading FG layout from file "../levels/mz2.bin", using compression Uncompressed...
Loading BG layout from file "../levels/mz2bg.bin", using compression Uncompressed...
Unable to read file "../map256/MZ (JP1).kos" with compression Kosinski:
System.AggregateException: Se han producido uno o varios errores. ---> System.IO.EndOfStreamException: Intento de lectura más allá del final de la secuencia.
   en SonicRetro.KensSharp.NeutralEndian.Read1(Stream stream)
   en SonicRetro.KensSharp.Kosinski.DecodeInternal(Stream source, Stream destination, Int64& decompressedBytes)
   en SonicRetro.KensSharp.Kosinski.Decompress(Stream input, Stream output)
   en SonicRetro.KensSharp.Kosinski.Decompress(String sourceFilePath)
   en SonicRetro.SonLVL.API.Compression.Decompress(String file, CompressionType cmp) en C:\Programs\SonLVL\SonLVLAPI\Compression.cs:línea 51
   en SonicRetro.SonLVL.API.LevelData.LoadLevelChunks() en C:\Programs\SonLVL\SonLVLAPI\LevelData.cs:línea 562
   en System.Threading.Tasks.Task.InnerInvoke()
   en System.Threading.Tasks.Task.Execute()
   --- Fin del seguimiento de la pila de la excepción interna ---
   en System.Threading.Tasks.Task.WaitAll(Task[] tasks, Int32 millisecondsTimeout, CancellationToken cancellationToken)
   en System.Threading.Tasks.Task.WaitAll(Task[] tasks, Int32 millisecondsTimeout)
   en System.Threading.Tasks.Parallel.Invoke(ParallelOptions parallelOptions, Action[] actions)
   en System.Threading.Tasks.Parallel.Invoke(Action[] actions)
   en SonicRetro.SonLVL.API.LevelData.LoadLevel(String levelname, Boolean loadGraphics) en C:\Programs\SonLVL\SonLVLAPI\LevelData.cs:línea 185
   en SonicRetro.SonLVL.GUI.MainForm.backgroundLevelLoader_DoWork(Object sender, DoWorkEventArgs e) en C:\Programs\SonLVL\SonLVL\MainForm.cs:línea 578
---> (Nº de excepción interna 0) System.IO.EndOfStreamException: Intento de lectura más allá del final de la secuencia.
   en SonicRetro.KensSharp.NeutralEndian.Read1(Stream stream)
   en SonicRetro.KensSharp.Kosinski.DecodeInternal(Stream source, Stream destination, Int64& decompressedBytes)
   en SonicRetro.KensSharp.Kosinski.Decompress(Stream input, Stream output)
   en SonicRetro.KensSharp.Kosinski.Decompress(String sourceFilePath)
   en SonicRetro.SonLVL.API.Compression.Decompress(String file, CompressionType cmp) en C:\Programs\SonLVL\SonLVLAPI\Compression.cs:línea 51
   en SonicRetro.SonLVL.API.LevelData.LoadLevelChunks() en C:\Programs\SonLVL\SonLVLAPI\LevelData.cs:línea 562
   en System.Threading.Tasks.Task.InnerInvoke()
   en System.Threading.Tasks.Task.Execute()<---

Loading Green Hill Zone Act 1...
Loading 16x16 blocks from file "../map16/GHZ.eni", using compression Enigma...
Loading 8x8 tiles from file "../artnem/8x8 - GHZ1.nem", using compression Nemesis...
Loading 256x256 chunks from file "../map256/GHZ.kos", using compression Kosinski...
Loading FG layout from file "../levels/ghz1.bin", using compression Uncompressed...
Loading palette file "../palette/Sonic.bin"...
Source: 0 Destination: 0 Length: 16
Loading palette file "../palette/Green Hill Zone.bin"...
Source: 0 Destination: 16 Length: 48
Loading palette file "../palette/Ending.bin"...
Source: 0 Destination: 0 Length: 64
Loading 8x8 tiles from file "../artnem/8x8 - GHZ2.nem", using compression Nemesis...
Loading BG layout from file "../levels/ghzbg.bin", using compression Uncompressed...
Loading FG layout from file "../levels/ghz2.bin", using compression Uncompressed...
Loading FG layout from file "../levels/ghz3.bin", using compression Uncompressed...
Loading FG layout from file "../levels/ending.bin", using compression Uncompressed...
Loading object definition file "obj.ini".
Loading object definition file "obj.rev01.ini".
Loading object definition file "objGHZ.ini".
Loading ObjectDefinition type S1ObjectDefinitions.Common.Ring from "Common\Ring.cs"...
Loading type from cached assembly "dllcache\S1ObjectDefinitions.Common.Ring.dll"...
Loading ObjectDefinition type S1ObjectDefinitions.Common.InvisibleBlock from "Common\InvisibleBlock.cs"...
Loading type from cached assembly "dllcache\S1ObjectDefinitions.Common.InvisibleBlock.dll"...
Loading ObjectDefinition type S1ObjectDefinitions.GHZ.Bridge from "GHZ\Bridge.cs"...
Compiling code file...
Loading ObjectDefinition type S1ObjectDefinitions.GHZ.SpikedPole from "GHZ\SpikedPole.cs"...
Compiling code file...
Compile succeeded.
Compile succeeded.
Loading ObjectDefinition type S1ObjectDefinitions.GHZ.SwingingPlatform from "GHZ\SwingingPlatform.cs"...
Loading type from cached assembly "dllcache\S1ObjectDefinitions.GHZ.SwingingPlatform.dll"...
Loading start position "Level Start" from file "../startpos/ghz1.bin"...
Loading objects from file "../objpos/ghz1.bin", using compression Uncompressed...
Loading start position "Credits Demo 1" from file "../startpos/ghz1 (Credits demo 1).bin"...
Loading start position "Credits Demo 2" from file "../startpos/ghz1 (Credits demo 2).bin"...
Drawing block bitmaps...
Drawing chunk bitmaps...
Level loaded in 1,581665 second(s).
Load completed.
Loading Labyrinth Zone Act 1...
Loading palette file "../palette/Sonic.bin"...
Source: 0 Destination: 0 Length: 16
Loading 256x256 chunks from file "../map256/LZ.kos", using compression Kosinski...
Loading FG layout from file "../levels/lz1.bin", using compression Uncompressed...
Loading palette file "../palette/Labyrinth Zone.bin"...
Source: 0 Destination: 16 Length: 48
Loading 8x8 tiles from file "../artnem/8x8 - LZ.nem", using compression Nemesis...
Loading 16x16 blocks from file "../map16/LZ.eni", using compression Enigma...
Loading palette file "../palette/Sonic - LZ Underwater.bin"...
Source: 0 Destination: 0 Length: 16
Loading BG layout from file "../levels/lzbg.bin", using compression Uncompressed...
Loading palette file "../palette/Labyrinth Zone Underwater.bin"...
Source: 16 Destination: 16 Length: 48
Loading FG layout from file "../levels/lz2.bin", using compression Uncompressed...
Loading FG layout from file "../levels/lz3.bin", using compression Uncompressed...
Loading FG layout from file "../levels/sbz3.bin", using compression Uncompressed...
Loading object definition file "obj.ini".
Loading object definition file "obj.rev01.ini".
Loading object definition file "objLZ.ini".
Loading ObjectDefinition type S1ObjectDefinitions.Common.Ring from "Common\Ring.cs"...
Loading type from cached assembly "dllcache\S1ObjectDefinitions.Common.Ring.dll"...
Loading ObjectDefinition type S1ObjectDefinitions.Common.InvisibleBlock from "Common\InvisibleBlock.cs"...
Loading type from cached assembly "dllcache\S1ObjectDefinitions.Common.InvisibleBlock.dll"...
Loading ObjectDefinition type S1ObjectDefinitions.LZ.Spikeball from "LZ\Spikeball.cs"...
Compiling code file...
Building code file...
Compiling code file...
Compile succeeded.
Compile succeeded.
Loading objects from file "../objpos/lz1 (JP1).bin", using compression Uncompressed...
Loading start position "Level Start" from file "../startpos/lz1.bin"...
Drawing block bitmaps...
Drawing chunk bitmaps...
Level loaded in 0,5736424 second(s).
Load completed.
Loading Green Hill Zone Act 1...
Loading 8x8 tiles from file "../artnem/8x8 - GHZ1.nem", using compression Nemesis...
Loading 16x16 blocks from file "../map16/GHZ.eni", using compression Enigma...
Loading 256x256 chunks from file "../map256/GHZ.kos", using compression Kosinski...
Loading FG layout from file "../levels/ghz1.bin", using compression Uncompressed...
Loading BG layout from file "../levels/ghzbg.bin", using compression Uncompressed...
Loading palette file "../palette/Sonic.bin"...
Source: 0 Destination: 0 Length: 16
Loading FG layout from file "../levels/ghz2.bin", using compression Uncompressed...
Loading palette file "../palette/Green Hill Zone.bin"...
Source: 0 Destination: 16 Length: 48
Loading FG layout from file "../levels/ghz3.bin", using compression Uncompressed...
Loading palette file "../palette/Ending.bin"...
Source: 0 Destination: 0 Length: 64
Loading 8x8 tiles from file "../artnem/8x8 - GHZ2.nem", using compression Nemesis...
Loading FG layout from file "../levels/ending.bin", using compression Uncompressed...
Loading object definition file "obj.ini".
Loading object definition file "obj.rev01.ini".
Loading object definition file "objGHZ.ini".
Loading ObjectDefinition type S1ObjectDefinitions.Common.Ring from "Common\Ring.cs"...
Loading type from cached assembly "dllcache\S1ObjectDefinitions.Common.Ring.dll"...
Loading ObjectDefinition type S1ObjectDefinitions.Common.InvisibleBlock from "Common\InvisibleBlock.cs"...
Loading type from cached assembly "dllcache\S1ObjectDefinitions.Common.InvisibleBlock.dll"...
Loading ObjectDefinition type S1ObjectDefinitions.GHZ.SwingingPlatform from "GHZ\SwingingPlatform.cs"...
Loading type from cached assembly "dllcache\S1ObjectDefinitions.GHZ.SwingingPlatform.dll"...
Loading ObjectDefinition type S1ObjectDefinitions.GHZ.SpikedPole from "GHZ\SpikedPole.cs"...
Loading type from cached assembly "dllcache\S1ObjectDefinitions.GHZ.SpikedPole.dll"...
Loading ObjectDefinition type S1ObjectDefinitions.GHZ.Bridge from "GHZ\Bridge.cs"...
Loading type from cached assembly "dllcache\S1ObjectDefinitions.GHZ.Bridge.dll"...
Loading start position "Level Start" from file "../startpos/ghz1.bin"...
Loading objects from file "../objpos/ghz1.bin", using compression Uncompressed...
Loading start position "Credits Demo 1" from file "../startpos/ghz1 (Credits demo 1).bin"...
Loading start position "Credits Demo 2" from file "../startpos/ghz1 (Credits demo 2).bin"...
Drawing block bitmaps...
Drawing chunk bitmaps...
Level loaded in 0,2567018 second(s).
Load completed.
Loading Spring Yard Zone Act 1...
Loading 8x8 tiles from file "../artnem/8x8 - SYZ.nem", using compression Nemesis...
Loading 16x16 blocks from file "../map16/SYZ.eni", using compression Enigma...
Loading FG layout from file "../levels/syz1.bin", using compression Uncompressed...
Loading 256x256 chunks from file "../map256/SYZ.kos", using compression Kosinski...
Loading BG layout from file "../levels/syzbg (JP1).bin", using compression Uncompressed...
Loading palette file "../palette/Sonic.bin"...
Source: 0 Destination: 0 Length: 16
Loading palette file "../palette/Spring Yard Zone.bin"...
Source: 0 Destination: 16 Length: 48
Loading FG layout from file "../levels/syz2.bin", using compression Uncompressed...
Loading FG layout from file "../levels/syz3.bin", using compression Uncompressed...
Loading object definition file "obj.ini".
Loading object definition file "obj.rev01.ini".
Loading object definition file "objSYZ.ini".
Loading ObjectDefinition type S1ObjectDefinitions.Common.Ring from "Common\Ring.cs"...
Loading type from cached assembly "dllcache\S1ObjectDefinitions.Common.Ring.dll"...
Loading ObjectDefinition type S1ObjectDefinitions.Common.InvisibleBlock from "Common\InvisibleBlock.cs"...
Loading type from cached assembly "dllcache\S1ObjectDefinitions.Common.InvisibleBlock.dll"...
Loading ObjectDefinition type S1ObjectDefinitions.SYZ.Block from "SYZ\Block.cs"...
Loading ObjectDefinition type S1ObjectDefinitions.SYZ.SpikeballChain from "SYZ\SpikeballChain.cs"...
Loading type from cached assembly "dllcache\S1ObjectDefinitions.SYZ.Block.dll"...
Loading type from cached assembly "dllcache\S1ObjectDefinitions.SYZ.SpikeballChain.dll"...
Loading ObjectDefinition type S1ObjectDefinitions.SYZ.BigSpikedBall from "SYZ\BigSpikedBall.cs"...
Loading type from cached assembly "dllcache\S1ObjectDefinitions.SYZ.BigSpikedBall.dll"...
Loading start position "Level Start" from file "../startpos/syz1.bin"...
Loading objects from file "../objpos/syz1.bin", using compression Uncompressed...
Drawing block bitmaps...
Drawing chunk bitmaps...
Level loaded in 0,2567101 second(s).
Load completed.
Opening INI file "C:\Users\Usuario\Desktop\Proto\CC replica\SonLVL\SonLVL.ini"...
Game type is S1.
Loading Green Hill Zone Act 1...
Loading FG layout from file "../Level/Green Hill Zone/Layout1.bin", using compression Uncompressed...
Loading 8x8 tiles from file "../Level/Green Hill Zone/Art1.bin", using compression Nemesis...
Loading 256x256 chunks from file "../Level/Green Hill Zone/Block256.bin", using compression Kosinski...
Loading 16x16 blocks from file "../Level/Green Hill Zone/Block16.bin", using compression Uncompressed...
Loading BG layout from file "../Level/Green Hill Zone/LayBG1.bin", using compression Uncompressed...
Loading palette file "../Palettes/sonic.bin"...
Source: 0 Destination: 0 Length: 16
Loading 8x8 tiles from file "../Level/Green Hill Zone/Art2.bin", using compression Nemesis...
Loading palette file "../Palettes/ghz.bin"...
Source: 0 Destination: 16 Length: 48
Loading FG layout from file "../Level/Green Hill Zone/Layout2.bin", using compression Uncompressed...
Loading BG layout from file "../Level/Green Hill Zone/LayBG2.bin", using compression Uncompressed...
Loading FG layout from file "../Level/Green Hill Zone/Layout3.bin", using compression Uncompressed...
Loading BG layout from file "../Level/Green Hill Zone/LayBG3.bin", using compression Uncompressed...
Loading object definition file "obj.ini".
Loading object definition file "objGHZ.ini".
Loading ObjectDefinition type S1ObjectDefinitions.GHZ.Bridge from "GHZ\Bridge.cs"...
Loading ObjectDefinition type S1ObjectDefinitions.Common.Ring from "Common\Ring.cs"...
Loading ObjectDefinition type S1ObjectDefinitions.GHZ.SwingingPlatform from "GHZ\SwingingPlatform.cs"...
Loading type from cached assembly "dllcache\S1ObjectDefinitions.Common.Ring.dll"...
Loading type from cached assembly "dllcache\S1ObjectDefinitions.GHZ.Bridge.dll"...
Loading type from cached assembly "dllcache\S1ObjectDefinitions.GHZ.SwingingPlatform.dll"...
Loading ObjectDefinition type S1ObjectDefinitions.GHZ.SpikedPole from "GHZ\SpikedPole.cs"...
Loading type from cached assembly "dllcache\S1ObjectDefinitions.GHZ.SpikedPole.dll"...
Unable to read file "../Art/Nemesis/ball.bin" with compression Nemesis:
Object definition 15 failed to initialize!
System.IO.FileNotFoundException: No se pudo encontrar el archivo 'C:\Users\Usuario\Desktop\Proto\CC replica\Art\Nemesis\ball.bin'.
Nombre de archivo: 'C:\Users\Usuario\Desktop\Proto\CC replica\Art\Nemesis\ball.bin'
   en System.IO.__Error.WinIOError(Int32 errorCode, String maybeFullPath)
   en System.IO.FileStream.Init(String path, FileMode mode, FileAccess access, Int32 rights, Boolean useRights, FileShare share, Int32 bufferSize, FileOptions options, SECURITY_ATTRIBUTES secAttrs, String msgPath, Boolean bFromProxy, Boolean useLongPath, Boolean checkHost)
   en System.IO.FileStream..ctor(String path, FileMode mode, FileAccess access, FileShare share)
   en SonicRetro.KensSharp.Nemesis.Decompress(String sourceFilePath)
   en SonicRetro.SonLVL.API.Compression.Decompress(String file, CompressionType cmp) en C:\Programs\SonLVL\SonLVLAPI\Compression.cs:línea 51
   en SonicRetro.SonLVL.API.LevelData.ReadFile(String file, CompressionType cmp) en C:\Programs\SonLVL\SonLVLAPI\LevelData.cs:línea 1712
   en SonicRetro.SonLVL.API.ObjectHelper.OpenArtFile(String file, CompressionType comp) en C:\Programs\SonLVL\SonLVLAPI\ObjectHelper.cs:línea 5
   en S1ObjectDefinitions.GHZ.SwingingPlatform.Init(ObjectData data) en c:\Users\Usuario\Desktop\Roms\cc\SonLVL\GHZ\SwingingPlatform.cs:línea 17
   en SonicRetro.SonLVL.API.LevelData.<>c__DisplayClass103_0.<InitObjectDefinitions>b__0(KeyValuePair`2 group) en C:\Programs\SonLVL\SonLVLAPI\LevelData.cs:línea 1636
Loading objects from file "../Level/Green Hill Zone/ObjPos1.bin", using compression Uncompressed...
Loading start position "Level Start" from file "../misc/sloc_lev.bin"...
Drawing block bitmaps...
Drawing chunk bitmaps...
Level loaded in 0,3283973 second(s).
Load completed.
Saving Green Hill Zone Act 1...
Saving Green Hill Zone Act 1...
Loading Green Hill Zone Act 3...
Loading 16x16 blocks from file "../Level/Green Hill Zone/Block16.bin", using compression Uncompressed...
Loading 8x8 tiles from file "../Level/Green Hill Zone/Art1.bin", using compression Nemesis...
Loading FG layout from file "../Level/Green Hill Zone/Layout3.bin", using compression Uncompressed...
Loading 256x256 chunks from file "../Level/Green Hill Zone/Block256.bin", using compression Kosinski...
Loading BG layout from file "../Level/Green Hill Zone/LayBG3.bin", using compression Uncompressed...
Loading palette file "../Palettes/sonic.bin"...
Source: 0 Destination: 0 Length: 16
Loading 8x8 tiles from file "../Level/Green Hill Zone/Art2.bin", using compression Nemesis...
Loading FG layout from file "../Level/Green Hill Zone/Layout1.bin", using compression Uncompressed...
Loading palette file "../Palettes/ghz.bin"...
Source: 0 Destination: 16 Length: 48
Loading BG layout from file "../Level/Green Hill Zone/LayBG1.bin", using compression Uncompressed...
Loading FG layout from file "../Level/Green Hill Zone/Layout2.bin", using compression Uncompressed...
Loading BG layout from file "../Level/Green Hill Zone/LayBG2.bin", using compression Uncompressed...
Loading object definition file "obj.ini".
Loading object definition file "objGHZ.ini".
Loading ObjectDefinition type S1ObjectDefinitions.Common.Ring from "Common\Ring.cs"...
Loading ObjectDefinition type S1ObjectDefinitions.GHZ.Bridge from "GHZ\Bridge.cs"...
Loading type from cached assembly "dllcache\S1ObjectDefinitions.Common.Ring.dll"...
Loading type from cached assembly "dllcache\S1ObjectDefinitions.GHZ.Bridge.dll"...
Loading ObjectDefinition type S1ObjectDefinitions.GHZ.SwingingPlatform from "GHZ\SwingingPlatform.cs"...
Loading type from cached assembly "dllcache\S1ObjectDefinitions.GHZ.SwingingPlatform.dll"...
Unable to read file "../Art/Nemesis/ball.bin" with compression Nemesis:
Object definition 15 failed to initialize!
Loading ObjectDefinition type S1ObjectDefinitions.GHZ.SpikedPole from "GHZ\SpikedPole.cs"...
Loading type from cached assembly "dllcache\S1ObjectDefinitions.GHZ.SpikedPole.dll"...
System.IO.FileNotFoundException: No se pudo encontrar el archivo 'C:\Users\Usuario\Desktop\Proto\CC replica\Art\Nemesis\ball.bin'.
Nombre de archivo: 'C:\Users\Usuario\Desktop\Proto\CC replica\Art\Nemesis\ball.bin'
   en System.IO.__Error.WinIOError(Int32 errorCode, String maybeFullPath)
   en System.IO.FileStream.Init(String path, FileMode mode, FileAccess access, Int32 rights, Boolean useRights, FileShare share, Int32 bufferSize, FileOptions options, SECURITY_ATTRIBUTES secAttrs, String msgPath, Boolean bFromProxy, Boolean useLongPath, Boolean checkHost)
   en System.IO.FileStream..ctor(String path, FileMode mode, FileAccess access, FileShare share)
   en SonicRetro.KensSharp.Nemesis.Decompress(String sourceFilePath)
   en SonicRetro.SonLVL.API.Compression.Decompress(String file, CompressionType cmp) en C:\Programs\SonLVL\SonLVLAPI\Compression.cs:línea 51
   en SonicRetro.SonLVL.API.LevelData.ReadFile(String file, CompressionType cmp) en C:\Programs\SonLVL\SonLVLAPI\LevelData.cs:línea 1712
   en SonicRetro.SonLVL.API.ObjectHelper.OpenArtFile(String file, CompressionType comp) en C:\Programs\SonLVL\SonLVLAPI\ObjectHelper.cs:línea 5
   en S1ObjectDefinitions.GHZ.SwingingPlatform.Init(ObjectData data) en c:\Users\Usuario\Desktop\Roms\cc\SonLVL\GHZ\SwingingPlatform.cs:línea 17
   en SonicRetro.SonLVL.API.LevelData.<>c__DisplayClass103_0.<InitObjectDefinitions>b__0(KeyValuePair`2 group) en C:\Programs\SonLVL\SonLVLAPI\LevelData.cs:línea 1636
Loading objects from file "../Level/Green Hill Zone/ObjPos3.bin", using compression Uncompressed...
Loading start position "Level Start" from file "../misc/sloc_lev.bin"...
Drawing block bitmaps...
Drawing chunk bitmaps...
Level loaded in 0,4096885 second(s).
Load completed.
Saving Green Hill Zone Act 3...
Loading Green Hill Zone Act 2...
Loading palette file "../Palettes/sonic.bin"...
Source: 0 Destination: 0 Length: 16
Loading 8x8 tiles from file "../Level/Green Hill Zone/Art1.bin", using compression Nemesis...
Loading FG layout from file "../Level/Green Hill Zone/Layout2.bin", using compression Uncompressed...
Loading 16x16 blocks from file "../Level/Green Hill Zone/Block16.bin", using compression Uncompressed...
Loading 256x256 chunks from file "../Level/Green Hill Zone/Block256.bin", using compression Kosinski...
Loading palette file "../Palettes/ghz.bin"...
Source: 0 Destination: 16 Length: 48
Loading BG layout from file "../Level/Green Hill Zone/LayBG2.bin", using compression Uncompressed...
Loading 8x8 tiles from file "../Level/Green Hill Zone/Art2.bin", using compression Nemesis...
Loading FG layout from file "../Level/Green Hill Zone/Layout1.bin", using compression Uncompressed...
Loading BG layout from file "../Level/Green Hill Zone/LayBG1.bin", using compression Uncompressed...
Loading FG layout from file "../Level/Green Hill Zone/Layout3.bin", using compression Uncompressed...
Loading BG layout from file "../Level/Green Hill Zone/LayBG3.bin", using compression Uncompressed...
Loading object definition file "obj.ini".
Loading object definition file "objGHZ.ini".
Loading ObjectDefinition type S1ObjectDefinitions.GHZ.Bridge from "GHZ\Bridge.cs"...
Loading ObjectDefinition type S1ObjectDefinitions.Common.Ring from "Common\Ring.cs"...
Loading ObjectDefinition type S1ObjectDefinitions.GHZ.SwingingPlatform from "GHZ\SwingingPlatform.cs"...
Loading type from cached assembly "dllcache\S1ObjectDefinitions.GHZ.Bridge.dll"...
Loading type from cached assembly "dllcache\S1ObjectDefinitions.Common.Ring.dll"...
Loading type from cached assembly "dllcache\S1ObjectDefinitions.GHZ.SwingingPlatform.dll"...
Unable to read file "../Art/Nemesis/ball.bin" with compression Nemesis:
Object definition 15 failed to initialize!
Loading ObjectDefinition type S1ObjectDefinitions.GHZ.SpikedPole from "GHZ\SpikedPole.cs"...
Loading type from cached assembly "dllcache\S1ObjectDefinitions.GHZ.SpikedPole.dll"...
System.IO.FileNotFoundException: No se pudo encontrar el archivo 'C:\Users\Usuario\Desktop\Proto\CC replica\Art\Nemesis\ball.bin'.
Nombre de archivo: 'C:\Users\Usuario\Desktop\Proto\CC replica\Art\Nemesis\ball.bin'
   en System.IO.__Error.WinIOError(Int32 errorCode, String maybeFullPath)
   en System.IO.FileStream.Init(String path, FileMode mode, FileAccess access, Int32 rights, Boolean useRights, FileShare share, Int32 bufferSize, FileOptions options, SECURITY_ATTRIBUTES secAttrs, String msgPath, Boolean bFromProxy, Boolean useLongPath, Boolean checkHost)
   en System.IO.FileStream..ctor(String path, FileMode mode, FileAccess access, FileShare share)
   en SonicRetro.KensSharp.Nemesis.Decompress(String sourceFilePath)
   en SonicRetro.SonLVL.API.Compression.Decompress(String file, CompressionType cmp) en C:\Programs\SonLVL\SonLVLAPI\Compression.cs:línea 51
   en SonicRetro.SonLVL.API.LevelData.ReadFile(String file, CompressionType cmp) en C:\Programs\SonLVL\SonLVLAPI\LevelData.cs:línea 1712
   en SonicRetro.SonLVL.API.ObjectHelper.OpenArtFile(String file, CompressionType comp) en C:\Programs\SonLVL\SonLVLAPI\ObjectHelper.cs:línea 5
   en S1ObjectDefinitions.GHZ.SwingingPlatform.Init(ObjectData data) en c:\Users\Usuario\Desktop\Roms\cc\SonLVL\GHZ\SwingingPlatform.cs:línea 17
   en SonicRetro.SonLVL.API.LevelData.<>c__DisplayClass103_0.<InitObjectDefinitions>b__0(KeyValuePair`2 group) en C:\Programs\SonLVL\SonLVLAPI\LevelData.cs:línea 1636
Loading start position "Level Start" from file "../misc/sloc_lev.bin"...
Loading objects from file "../Level/Green Hill Zone/ObjPos2.bin", using compression Uncompressed...
Drawing block bitmaps...
Drawing chunk bitmaps...
Level loaded in 0,1925369 second(s).
Load completed.
Saving Green Hill Zone Act 2...
Opening INI file "C:\Program Files (x86)\Panda Security\Panda Security Protection\Perdidos\sonic-github-madness-4-asm68k\ATOGKSpongeBob\SonLVL\SonLVL.ini"...
Game type is S1.
Loading Ocean 1...
Loading FG layout from file "../Layout/Layout.bin", using compression Uncompressed...
Loading 16x16 blocks from file "../16x16Ocean.bin", using compression Enigma...
Loading 256x256 chunks from file "../256x256Ocean.bin", using compression Kosinski...
Loading 8x8 tiles from file "../8x8Ocean.bin", using compression Nemesis...
Loading BG layout from file "../Layout/Background.bin", using compression Uncompressed...
Loading palette file "../Player/Main.bin"...
Source: 0 Destination: 0 Length: 16
System.AggregateException: Se han producido uno o varios errores. ---> System.IO.FileNotFoundException: Palette file could not be loaded! Have you set up your disassembly properly?
   en SonicRetro.SonLVL.API.LevelData.LoadLevelPalette() en C:\Programs\SonLVL\SonLVLAPI\LevelData.cs:línea 692
   en System.Threading.Tasks.Task.InnerInvoke()
   en System.Threading.Tasks.Task.Execute()
   --- Fin del seguimiento de la pila de la excepción interna ---
   en System.Threading.Tasks.Task.WaitAll(Task[] tasks, Int32 millisecondsTimeout, CancellationToken cancellationToken)
   en System.Threading.Tasks.Task.WaitAll(Task[] tasks, Int32 millisecondsTimeout)
   en System.Threading.Tasks.Parallel.Invoke(ParallelOptions parallelOptions, Action[] actions)
   en System.Threading.Tasks.Parallel.Invoke(Action[] actions)
   en SonicRetro.SonLVL.API.LevelData.LoadLevel(String levelname, Boolean loadGraphics) en C:\Programs\SonLVL\SonLVLAPI\LevelData.cs:línea 185
   en SonicRetro.SonLVL.GUI.MainForm.backgroundLevelLoader_DoWork(Object sender, DoWorkEventArgs e) en C:\Programs\SonLVL\SonLVL\MainForm.cs:línea 578
---> (Nº de excepción interna 0) System.IO.FileNotFoundException: Palette file could not be loaded! Have you set up your disassembly properly?
Nombre de archivo: '../Player/Main.bin'
   en SonicRetro.SonLVL.API.LevelData.LoadLevelPalette() en C:\Programs\SonLVL\SonLVLAPI\LevelData.cs:línea 692
   en System.Threading.Tasks.Task.InnerInvoke()
   en System.Threading.Tasks.Task.Execute()<---

